Traceback (most recent call last):
  File "/home/bleyerj/.local/lib/python3.12/site-packages/jupyter_cache/executors/utils.py", line 58, in single_nb_execution
    executenb(
  File "/home/bleyerj/.local/lib/python3.12/site-packages/nbclient/client.py", line 1314, in execute
    return NotebookClient(nb=nb, resources=resources, km=km, **kwargs).execute()
           ^^^^^^^^^^^^^^^^^^^^^^^^^^^^^^^^^^^^^^^^^^^^^^^^^^^^^^^^^^^^^^^^^^^^^
  File "/home/bleyerj/.local/lib/python3.12/site-packages/jupyter_core/utils/__init__.py", line 165, in wrapped
    return loop.run_until_complete(inner)
           ^^^^^^^^^^^^^^^^^^^^^^^^^^^^^^
  File "/usr/lib/python3.12/asyncio/base_events.py", line 687, in run_until_complete
    return future.result()
           ^^^^^^^^^^^^^^^
  File "/home/bleyerj/.local/lib/python3.12/site-packages/nbclient/client.py", line 709, in async_execute
    await self.async_execute_cell(
  File "/home/bleyerj/.local/lib/python3.12/site-packages/nbclient/client.py", line 1062, in async_execute_cell
    await self._check_raise_for_error(cell, cell_index, exec_reply)
  File "/home/bleyerj/.local/lib/python3.12/site-packages/nbclient/client.py", line 918, in _check_raise_for_error
    raise CellExecutionError.from_cell_and_msg(cell, exec_reply_content)
nbclient.exceptions.CellExecutionError: An error occurred while executing the following cell:
------------------
deg_quad = 2  # quadrature degree for internal state variable representation
W0e = ufl.FiniteElement(
    "Quadrature",
    domain.ufl_cell(),
    degree=deg_quad,
    quad_scheme="default",
)
We = ufl.VectorElement(
    "Quadrature",
    domain.ufl_cell(),
    degree=deg_quad,
    dim=4,
    quad_scheme="default",
)
W = fem.functionspace(domain, We)
W0 = fem.functionspace(domain, W0e)
------------------


[0;31m---------------------------------------------------------------------------[0m
[0;31mAttributeError[0m                            Traceback (most recent call last)
Cell [0;32mIn[5], line 2[0m
[1;32m      1[0m deg_quad [38;5;241m=[39m [38;5;241m2[39m  [38;5;66;03m# quadrature degree for internal state variable representation[39;00m
[0;32m----> 2[0m W0e [38;5;241m=[39m [43mufl[49m[38;5;241;43m.[39;49m[43mFiniteElement[49m(
[1;32m      3[0m     [38;5;124m"[39m[38;5;124mQuadrature[39m[38;5;124m"[39m,
[1;32m      4[0m     domain[38;5;241m.[39mufl_cell(),
[1;32m      5[0m     degree[38;5;241m=[39mdeg_quad,
[1;32m      6[0m     quad_scheme[38;5;241m=[39m[38;5;124m"[39m[38;5;124mdefault[39m[38;5;124m"[39m,
[1;32m      7[0m )
[1;32m      8[0m We [38;5;241m=[39m ufl[38;5;241m.[39mVectorElement(
[1;32m      9[0m     [38;5;124m"[39m[38;5;124mQuadrature[39m[38;5;124m"[39m,
[1;32m     10[0m     domain[38;5;241m.[39mufl_cell(),
[0;32m   (...)[0m
[1;32m     13[0m     quad_scheme[38;5;241m=[39m[38;5;124m"[39m[38;5;124mdefault[39m[38;5;124m"[39m,
[1;32m     14[0m )
[1;32m     15[0m W [38;5;241m=[39m fem[38;5;241m.[39mfunctionspace(domain, We)

[0;31mAttributeError[0m: module 'ufl' has no attribute 'FiniteElement'

