Traceback (most recent call last):
  File "/home/bleyerj/.local/lib/python3.12/site-packages/jupyter_cache/executors/utils.py", line 58, in single_nb_execution
    executenb(
  File "/home/bleyerj/.local/lib/python3.12/site-packages/nbclient/client.py", line 1314, in execute
    return NotebookClient(nb=nb, resources=resources, km=km, **kwargs).execute()
           ^^^^^^^^^^^^^^^^^^^^^^^^^^^^^^^^^^^^^^^^^^^^^^^^^^^^^^^^^^^^^^^^^^^^^
  File "/home/bleyerj/.local/lib/python3.12/site-packages/jupyter_core/utils/__init__.py", line 165, in wrapped
    return loop.run_until_complete(inner)
           ^^^^^^^^^^^^^^^^^^^^^^^^^^^^^^
  File "/usr/lib/python3.12/asyncio/base_events.py", line 687, in run_until_complete
    return future.result()
           ^^^^^^^^^^^^^^^
  File "/home/bleyerj/.local/lib/python3.12/site-packages/nbclient/client.py", line 709, in async_execute
    await self.async_execute_cell(
  File "/home/bleyerj/.local/lib/python3.12/site-packages/nbclient/client.py", line 1062, in async_execute_cell
    await self._check_raise_for_error(cell, cell_index, exec_reply)
  File "/home/bleyerj/.local/lib/python3.12/site-packages/nbclient/client.py", line 918, in _check_raise_for_error
    raise CellExecutionError.from_cell_and_msg(cell, exec_reply_content)
nbclient.exceptions.CellExecutionError: An error occurred while executing the following cell:
------------------
ds = ufl.Measure("ds", domain=domain, subdomain_data=facets)
dx = ufl.Measure("dx", domain=domain)

n = ufl.FacetNormal(domain)
p = fem.Constant(domain, 10.0)

V = fem.FunctionSpace(domain, ("P", 2, (gdim,)))
du = ufl.TrialFunction(V)
u_ = ufl.TestFunction(V)
a_form = ufl.inner(sigma(du), eps(u_)) * x[0] * dx
L_form = ufl.inner(-p * n, u_) * x[0] * ds(3)

u = fem.Function(V, name="Displacement")
------------------


[0;31m---------------------------------------------------------------------------[0m
[0;31mTypeError[0m                                 Traceback (most recent call last)
Cell [0;32mIn[5], line 7[0m
[1;32m      4[0m n [38;5;241m=[39m ufl[38;5;241m.[39mFacetNormal(domain)
[1;32m      5[0m p [38;5;241m=[39m fem[38;5;241m.[39mConstant(domain, [38;5;241m10.0[39m)
[0;32m----> 7[0m V [38;5;241m=[39m [43mfem[49m[38;5;241;43m.[39;49m[43mFunctionSpace[49m[43m([49m[43mdomain[49m[43m,[49m[43m [49m[43m([49m[38;5;124;43m"[39;49m[38;5;124;43mP[39;49m[38;5;124;43m"[39;49m[43m,[49m[43m [49m[38;5;241;43m2[39;49m[43m,[49m[43m [49m[43m([49m[43mgdim[49m[43m,[49m[43m)[49m[43m)[49m[43m)[49m
[1;32m      8[0m du [38;5;241m=[39m ufl[38;5;241m.[39mTrialFunction(V)
[1;32m      9[0m u_ [38;5;241m=[39m ufl[38;5;241m.[39mTestFunction(V)

[0;31mTypeError[0m: FunctionSpace.__init__() missing 1 required positional argument: 'cppV'

