Traceback (most recent call last):
  File "/home/bleyerj/.local/lib/python3.10/site-packages/jupyter_cache/executors/utils.py", line 58, in single_nb_execution
    executenb(
  File "/home/bleyerj/.local/lib/python3.10/site-packages/nbclient/client.py", line 1305, in execute
    return NotebookClient(nb=nb, resources=resources, km=km, **kwargs).execute()
  File "/home/bleyerj/.local/lib/python3.10/site-packages/jupyter_core/utils/__init__.py", line 166, in wrapped
    return loop.run_until_complete(inner)
  File "/usr/lib/python3.10/asyncio/base_events.py", line 649, in run_until_complete
    return future.result()
  File "/home/bleyerj/.local/lib/python3.10/site-packages/nbclient/client.py", line 705, in async_execute
    await self.async_execute_cell(
  File "/home/bleyerj/.local/lib/python3.10/site-packages/nbclient/client.py", line 1058, in async_execute_cell
    await self._check_raise_for_error(cell, cell_index, exec_reply)
  File "/home/bleyerj/.local/lib/python3.10/site-packages/nbclient/client.py", line 914, in _check_raise_for_error
    raise CellExecutionError.from_cell_and_msg(cell, exec_reply_content)
nbclient.exceptions.CellExecutionError: An error occurred while executing the following cell:
------------------
import pyvista
from dolfinx import plot

pyvista.set_jupyter_backend("panel")

Vw = w.function_space
w_topology, w_cell_types, w_geometry = plot.vtk_mesh(Vw)
w_grid = pyvista.UnstructuredGrid(w_topology, w_cell_types, w_geometry)
w_grid.point_data["Deflection"] = w.x.array
w_grid.set_active_scalars("Deflection")
warped = w_grid.warp_by_scalar("Deflection", factor=5)

plotter = pyvista.Plotter()
plotter.add_mesh(
    warped,
    show_edges=True,
    show_scalar_bar=True,
    scalars="Deflection",
)
plotter.show()

theta = u.sub(1).collapse()
Vt = theta.function_space
theta_topology, theta_cell_types, theta_geometry = plot.vtk_mesh(Vt)
theta_grid = pyvista.UnstructuredGrid(theta_topology, theta_cell_types, theta_geometry)
beta_3D = np.zeros((theta_geometry.shape[0], 3))
beta_3D[:, :2] = theta.x.array.reshape(-1, 2) @ np.array([[0, -1], [1, 0]])
theta_grid["beta"] = beta_3D
theta_grid.set_active_vectors("beta")

plotter = pyvista.Plotter()
plotter.add_mesh(
    theta_grid.arrows, lighting=False, scalar_bar_args={"title": "Rotation Magnitude"}
)
plotter.add_mesh(theta_grid, color="grey", ambient=0.6, opacity=0.5, show_edges=True)
plotter.show()
------------------


[0;31m---------------------------------------------------------------------------[0m
[0;31mValueError[0m                                Traceback (most recent call last)
Cell [0;32mIn[6], line 4[0m
[1;32m      1[0m [38;5;28;01mimport[39;00m [38;5;21;01mpyvista[39;00m
[1;32m      2[0m [38;5;28;01mfrom[39;00m [38;5;21;01mdolfinx[39;00m [38;5;28;01mimport[39;00m plot
[0;32m----> 4[0m [43mpyvista[49m[38;5;241;43m.[39;49m[43mset_jupyter_backend[49m[43m([49m[38;5;124;43m"[39;49m[38;5;124;43mpanel[39;49m[38;5;124;43m"[39;49m[43m)[49m
[1;32m      6[0m Vw [38;5;241m=[39m w[38;5;241m.[39mfunction_space
[1;32m      7[0m w_topology, w_cell_types, w_geometry [38;5;241m=[39m plot[38;5;241m.[39mvtk_mesh(Vw)

File [0;32m~/.local/lib/python3.10/site-packages/pyvista/jupyter/__init__.py:111[0m, in [0;36mset_jupyter_backend[0;34m(backend, name, **kwargs)[0m
[1;32m     53[0m [38;5;28;01mdef[39;00m [38;5;21mset_jupyter_backend[39m(backend, name[38;5;241m=[39m[38;5;28;01mNone[39;00m, [38;5;241m*[39m[38;5;241m*[39mkwargs):
[1;32m     54[0m [38;5;250m    [39m[38;5;124;03m"""Set the plotting backend for a jupyter notebook.[39;00m
[1;32m     55[0m 
[1;32m     56[0m [38;5;124;03m    Parameters[39;00m
[0;32m   (...)[0m
[1;32m    109[0m 
[1;32m    110[0m [38;5;124;03m    """[39;00m
[0;32m--> 111[0m     pyvista[38;5;241m.[39mglobal_theme[38;5;241m.[39m_jupyter_backend [38;5;241m=[39m [43m_validate_jupyter_backend[49m[43m([49m[43mbackend[49m[43m)[49m

File [0;32m~/.local/lib/python3.10/site-packages/pyvista/jupyter/__init__.py:37[0m, in [0;36m_validate_jupyter_backend[0;34m(backend)[0m
[1;32m     35[0m [38;5;28;01mif[39;00m backend [38;5;129;01mnot[39;00m [38;5;129;01min[39;00m ALLOWED_BACKENDS:
[1;32m     36[0m     backend_list_str [38;5;241m=[39m [38;5;124m'[39m[38;5;124m, [39m[38;5;124m'[39m[38;5;241m.[39mjoin([[38;5;124mf[39m[38;5;124m'[39m[38;5;124m"[39m[38;5;132;01m{[39;00mitem[38;5;132;01m}[39;00m[38;5;124m"[39m[38;5;124m'[39m [38;5;28;01mfor[39;00m item [38;5;129;01min[39;00m ALLOWED_BACKENDS])
[0;32m---> 37[0m     [38;5;28;01mraise[39;00m [38;5;167;01mValueError[39;00m(
[1;32m     38[0m         [38;5;124mf[39m[38;5;124m'[39m[38;5;124mInvalid Jupyter notebook plotting backend [39m[38;5;124m"[39m[38;5;132;01m{[39;00mbackend[38;5;132;01m}[39;00m[38;5;124m"[39m[38;5;124m.[39m[38;5;130;01m\n[39;00m[38;5;124m'[39m
[1;32m     39[0m         [38;5;124mf[39m[38;5;124m'[39m[38;5;124mUse one of the following:[39m[38;5;130;01m\n[39;00m[38;5;132;01m{[39;00mbackend_list_str[38;5;132;01m}[39;00m[38;5;124m'[39m
[1;32m     40[0m     )
[1;32m     42[0m [38;5;28;01mif[39;00m backend [38;5;129;01min[39;00m [[38;5;124m'[39m[38;5;124mserver[39m[38;5;124m'[39m, [38;5;124m'[39m[38;5;124mclient[39m[38;5;124m'[39m, [38;5;124m'[39m[38;5;124mtrame[39m[38;5;124m'[39m, [38;5;124m'[39m[38;5;124mhtml[39m[38;5;124m'[39m]:
[1;32m     43[0m     [38;5;28;01mtry[39;00m:

[0;31mValueError[0m: Invalid Jupyter notebook plotting backend "panel".
Use one of the following:
"static", "client", "server", "trame", "html", "none"

